-------------------------------------------------------------------------------
Test set: com.template.microservicetemplate.MicroserviceTemplateApplicationTests
-------------------------------------------------------------------------------
Tests run: 1, Failures: 0, Errors: 1, Skipped: 0, Time elapsed: 0.268 s <<< FAILURE! - in com.template.microservicetemplate.MicroserviceTemplateApplicationTests
com.template.microservicetemplate.MicroserviceTemplateApplicationTests  Time elapsed: 0.266 s  <<< ERROR!
java.lang.IllegalStateException: Unable to find a @SpringBootConfiguration, you need to use @ContextConfiguration or @SpringBootTest(classes=...) with your test

