<?xml version="1.0" encoding="UTF-8"?>
<testsuite xmlns:xsi="http://www.w3.org/2001/XMLSchema-instance" xsi:noNamespaceSchemaLocation="https://maven.apache.org/surefire/maven-surefire-plugin/xsd/surefire-test-report.xsd" name="com.template.microservicetemplate.MicroserviceTemplateApplicationTests" time="0.268" tests="1" errors="1" skipped="0" failures="0">
  <properties>
[...]
</properties>
  <testcase name="com.template.microservicetemplate.MicroserviceTemplateApplicationTests" classname="com.template.microservicetemplate.MicroserviceTemplateApplicationTests" time="0.266">
    <error message="Unable to find a @SpringBootConfiguration, you need to use @ContextConfiguration or @SpringBootTest(classes=...) with your test" type="java.lang.IllegalStateException">java.lang.IllegalStateException: Unable to find a @SpringBootConfiguration, you need to use @ContextConfiguration or @SpringBootTest(classes=...) with your test
</error>
    <system-out><![CDATA[21:44:29.179 [main] DEBUG org.springframework.test.context.BootstrapUtils - Instantiating CacheAwareContextLoaderDelegate from class [org.springframework.test.context.cache.DefaultCacheAwareContextLoaderDelegate]
21:44:29.191 [main] DEBUG org.springframework.test.context.BootstrapUtils - Instantiating BootstrapContext using constructor [public org.springframework.test.context.support.DefaultBootstrapContext(java.lang.Class,org.springframework.test.context.CacheAwareContextLoaderDelegate)]
21:44:29.219 [main] DEBUG org.springframework.test.context.BootstrapUtils - Instantiating TestContextBootstrapper for test class [com.template.microservicetemplate.MicroserviceTemplateApplicationTests] from class [org.springframework.boot.test.context.SpringBootTestContextBootstrapper]
21:44:29.238 [main] INFO org.springframework.boot.test.context.SpringBootTestContextBootstrapper - Neither @ContextConfiguration nor @ContextHierarchy found for test class [com.template.microservicetemplate.MicroserviceTemplateApplicationTests], using SpringBootContextLoader
21:44:29.241 [main] DEBUG org.springframework.test.context.support.AbstractContextLoader - Did not detect default resource location for test class [com.template.microservicetemplate.MicroserviceTemplateApplicationTests]: class path resource [com/template/microservicetemplate/MicroserviceTemplateApplicationTests-context.xml] does not exist
21:44:29.241 [main] DEBUG org.springframework.test.context.support.AbstractContextLoader - Did not detect default resource location for test class [com.template.microservicetemplate.MicroserviceTemplateApplicationTests]: class path resource [com/template/microservicetemplate/MicroserviceTemplateApplicationTestsContext.groovy] does not exist
21:44:29.242 [main] INFO org.springframework.test.context.support.AbstractContextLoader - Could not detect default resource locations for test class [com.template.microservicetemplate.MicroserviceTemplateApplicationTests]: no resource found for suffixes {-context.xml, Context.groovy}.
21:44:29.242 [main] INFO org.springframework.test.context.support.AnnotationConfigContextLoaderUtils - Could not detect default configuration classes for test class [com.template.microservicetemplate.MicroserviceTemplateApplicationTests]: MicroserviceTemplateApplicationTests does not declare any static, non-private, non-final, nested classes annotated with @Configuration.
21:44:29.287 [main] DEBUG org.springframework.test.context.support.ActiveProfilesUtils - Could not find an 'annotation declaring class' for annotation type [org.springframework.test.context.ActiveProfiles] and class [com.template.microservicetemplate.MicroserviceTemplateApplicationTests]
21:44:29.339 [main] DEBUG org.springframework.test.context.BootstrapUtils - Instantiating CacheAwareContextLoaderDelegate from class [org.springframework.test.context.cache.DefaultCacheAwareContextLoaderDelegate]
21:44:29.340 [main] DEBUG org.springframework.test.context.BootstrapUtils - Instantiating BootstrapContext using constructor [public org.springframework.test.context.support.DefaultBootstrapContext(java.lang.Class,org.springframework.test.context.CacheAwareContextLoaderDelegate)]
21:44:29.341 [main] DEBUG org.springframework.test.context.BootstrapUtils - Instantiating TestContextBootstrapper for test class [com.template.microservicetemplate.MicroserviceTemplateApplicationTests] from class [org.springframework.boot.test.context.SpringBootTestContextBootstrapper]
21:44:29.342 [main] INFO org.springframework.boot.test.context.SpringBootTestContextBootstrapper - Neither @ContextConfiguration nor @ContextHierarchy found for test class [com.template.microservicetemplate.MicroserviceTemplateApplicationTests], using SpringBootContextLoader
21:44:29.343 [main] DEBUG org.springframework.test.context.support.AbstractContextLoader - Did not detect default resource location for test class [com.template.microservicetemplate.MicroserviceTemplateApplicationTests]: class path resource [com/template/microservicetemplate/MicroserviceTemplateApplicationTests-context.xml] does not exist
21:44:29.344 [main] DEBUG org.springframework.test.context.support.AbstractContextLoader - Did not detect default resource location for test class [com.template.microservicetemplate.MicroserviceTemplateApplicationTests]: class path resource [com/template/microservicetemplate/MicroserviceTemplateApplicationTestsContext.groovy] does not exist
21:44:29.344 [main] INFO org.springframework.test.context.support.AbstractContextLoader - Could not detect default resource locations for test class [com.template.microservicetemplate.MicroserviceTemplateApplicationTests]: no resource found for suffixes {-context.xml, Context.groovy}.
21:44:29.344 [main] INFO org.springframework.test.context.support.AnnotationConfigContextLoaderUtils - Could not detect default configuration classes for test class [com.template.microservicetemplate.MicroserviceTemplateApplicationTests]: MicroserviceTemplateApplicationTests does not declare any static, non-private, non-final, nested classes annotated with @Configuration.
21:44:29.346 [main] DEBUG org.springframework.test.context.support.ActiveProfilesUtils - Could not find an 'annotation declaring class' for annotation type [org.springframework.test.context.ActiveProfiles] and class [com.template.microservicetemplate.MicroserviceTemplateApplicationTests]
21:44:29.360 [main] DEBUG org.springframework.test.context.BootstrapUtils - Instantiating CacheAwareContextLoaderDelegate from class [org.springframework.test.context.cache.DefaultCacheAwareContextLoaderDelegate]
21:44:29.360 [main] DEBUG org.springframework.test.context.BootstrapUtils - Instantiating BootstrapContext using constructor [public org.springframework.test.context.support.DefaultBootstrapContext(java.lang.Class,org.springframework.test.context.CacheAwareContextLoaderDelegate)]
21:44:29.361 [main] DEBUG org.springframework.test.context.BootstrapUtils - Instantiating TestContextBootstrapper for test class [com.template.microservicetemplate.MicroserviceTemplateApplicationTests] from class [org.springframework.boot.test.context.SpringBootTestContextBootstrapper]
21:44:29.363 [main] INFO org.springframework.boot.test.context.SpringBootTestContextBootstrapper - Neither @ContextConfiguration nor @ContextHierarchy found for test class [com.template.microservicetemplate.MicroserviceTemplateApplicationTests], using SpringBootContextLoader
21:44:29.364 [main] DEBUG org.springframework.test.context.support.AbstractContextLoader - Did not detect default resource location for test class [com.template.microservicetemplate.MicroserviceTemplateApplicationTests]: class path resource [com/template/microservicetemplate/MicroserviceTemplateApplicationTests-context.xml] does not exist
21:44:29.365 [main] DEBUG org.springframework.test.context.support.AbstractContextLoader - Did not detect default resource location for test class [com.template.microservicetemplate.MicroserviceTemplateApplicationTests]: class path resource [com/template/microservicetemplate/MicroserviceTemplateApplicationTestsContext.groovy] does not exist
21:44:29.365 [main] INFO org.springframework.test.context.support.AbstractContextLoader - Could not detect default resource locations for test class [com.template.microservicetemplate.MicroserviceTemplateApplicationTests]: no resource found for suffixes {-context.xml, Context.groovy}.
21:44:29.365 [main] INFO org.springframework.test.context.support.AnnotationConfigContextLoaderUtils - Could not detect default configuration classes for test class [com.template.microservicetemplate.MicroserviceTemplateApplicationTests]: MicroserviceTemplateApplicationTests does not declare any static, non-private, non-final, nested classes annotated with @Configuration.
21:44:29.367 [main] DEBUG org.springframework.test.context.support.ActiveProfilesUtils - Could not find an 'annotation declaring class' for annotation type [org.springframework.test.context.ActiveProfiles] and class [com.template.microservicetemplate.MicroserviceTemplateApplicationTests]
]]></system-out>
  </testcase>
</testsuite>